I, [2022-03-24T22:35:40.720614 #27203]  INFO -- : Migrating to DeviseTokenAuthCreateUsers (20220124215607)
I, [2022-03-24T22:35:40.831368 #27203]  INFO -- : Migrating to CreateMessages (20220126110428)
I, [2022-03-24T22:35:40.884286 #27203]  INFO -- : Migrating to CreateEvents (20220204110024)
I, [2022-03-24T22:35:40.932657 #27203]  INFO -- : Migrating to CreateTeams (20220214111725)
I, [2022-03-24T22:35:40.994206 #27203]  INFO -- : Migrating to CreateUserTeamRelationships (20220215001308)
I, [2022-03-24T22:35:41.047418 #27203]  INFO -- : Migrating to CreateActiveStorageTables (20220216042521)
I, [2022-03-29T11:39:57.610812 #27414]  INFO -- : [36m  S3 Storage (160.2ms) [0m[32mUploaded file to key: 7zvx9en1j90s2wbhr2h7vwl1etr3 (checksum: dNETipsPibc57rWiJXRGFQ==)[0m
I, [2022-03-29T11:39:57.612021 #27414]  INFO -- : [ActiveJob] Enqueued ActiveStorage::AnalyzeJob (Job ID: 487a3efe-0b13-4ba8-b0f7-26a7470da4c1) to Async(default) with arguments: #<GlobalID:0x0000560d28657f58 @uri=#<URI::GID gid://board-s/ActiveStorage::Blob/1>>
I, [2022-03-29T11:39:57.781592 #27414]  INFO -- : [ActiveJob] [ActiveStorage::AnalyzeJob] [487a3efe-0b13-4ba8-b0f7-26a7470da4c1] Performing ActiveStorage::AnalyzeJob (Job ID: 487a3efe-0b13-4ba8-b0f7-26a7470da4c1) from Async(default) enqueued at 2022-03-29T02:39:57Z with arguments: #<GlobalID:0x0000560d2868a570 @uri=#<URI::GID gid://board-s/ActiveStorage::Blob/1>>
I, [2022-03-29T11:39:57.855520 #27414]  INFO -- : [ActiveJob] [ActiveStorage::AnalyzeJob] [487a3efe-0b13-4ba8-b0f7-26a7470da4c1] [36m  S3 Storage (73.2ms) [0m[34mDownloaded file from key: 7zvx9en1j90s2wbhr2h7vwl1etr3[0m
I, [2022-03-29T11:39:57.893411 #27414]  INFO -- : [ActiveJob] [ActiveStorage::AnalyzeJob] [487a3efe-0b13-4ba8-b0f7-26a7470da4c1] Performed ActiveStorage::AnalyzeJob (Job ID: 487a3efe-0b13-4ba8-b0f7-26a7470da4c1) from Async(default) in 111.67ms
I, [2022-03-29T11:39:57.963648 #27414]  INFO -- : [36m  S3 Storage (166.9ms) [0m[32mUploaded file to key: lu618ftyfc9uz7eksc4nmqurebcy (checksum: qdMwbjsUjUff2+fX9/jYbQ==)[0m
I, [2022-03-29T11:39:57.964384 #27414]  INFO -- : [ActiveJob] Enqueued ActiveStorage::AnalyzeJob (Job ID: 0d4760e8-813f-485c-b35c-33ab5ce9dade) to Async(default) with arguments: #<GlobalID:0x0000560d2884b4b8 @uri=#<URI::GID gid://board-s/ActiveStorage::Blob/2>>
I, [2022-03-29T11:39:58.131953 #27414]  INFO -- : [ActiveJob] [ActiveStorage::AnalyzeJob] [0d4760e8-813f-485c-b35c-33ab5ce9dade] Performing ActiveStorage::AnalyzeJob (Job ID: 0d4760e8-813f-485c-b35c-33ab5ce9dade) from Async(default) enqueued at 2022-03-29T02:39:57Z with arguments: #<GlobalID:0x0000560d2888c198 @uri=#<URI::GID gid://board-s/ActiveStorage::Blob/2>>
I, [2022-03-29T11:39:58.204155 #27414]  INFO -- : [ActiveJob] [ActiveStorage::AnalyzeJob] [0d4760e8-813f-485c-b35c-33ab5ce9dade] [36m  S3 Storage (71.8ms) [0m[34mDownloaded file from key: lu618ftyfc9uz7eksc4nmqurebcy[0m
I, [2022-03-29T11:39:58.214987 #27414]  INFO -- : [36m  S3 Storage (67.6ms) [0m[32mUploaded file to key: karjlht8a7ywnzgyahb5ljzrjli4 (checksum: 8hKxSJBKOu+Q+4j0v68MAw==)[0m
I, [2022-03-29T11:39:58.215607 #27414]  INFO -- : [ActiveJob] Enqueued ActiveStorage::AnalyzeJob (Job ID: 71c4787d-b8f9-4d7d-8a68-87ff9f4740ce) to Async(default) with arguments: #<GlobalID:0x0000560d28966a78 @uri=#<URI::GID gid://board-s/ActiveStorage::Blob/3>>
I, [2022-03-29T11:39:58.389369 #27414]  INFO -- : [ActiveJob] [ActiveStorage::AnalyzeJob] [0d4760e8-813f-485c-b35c-33ab5ce9dade] Performed ActiveStorage::AnalyzeJob (Job ID: 0d4760e8-813f-485c-b35c-33ab5ce9dade) from Async(default) in 257.31ms
I, [2022-03-29T11:39:58.391612 #27414]  INFO -- : [ActiveJob] [ActiveStorage::AnalyzeJob] [71c4787d-b8f9-4d7d-8a68-87ff9f4740ce] Performing ActiveStorage::AnalyzeJob (Job ID: 71c4787d-b8f9-4d7d-8a68-87ff9f4740ce) from Async(default) enqueued at 2022-03-29T02:39:58Z with arguments: #<GlobalID:0x0000560d28a06528 @uri=#<URI::GID gid://board-s/ActiveStorage::Blob/3>>
I, [2022-03-29T11:39:58.467891 #27414]  INFO -- : [ActiveJob] [ActiveStorage::AnalyzeJob] [71c4787d-b8f9-4d7d-8a68-87ff9f4740ce] [36m  S3 Storage (74.7ms) [0m[34mDownloaded file from key: karjlht8a7ywnzgyahb5ljzrjli4[0m
I, [2022-03-29T11:39:58.486518 #27414]  INFO -- : [36m  S3 Storage (87.3ms) [0m[32mUploaded file to key: gwdr6h89f8hfyztja1sow6y05zbw (checksum: Hf57lNkmDLQPUdDCJvRWWw==)[0m
I, [2022-03-29T11:39:58.487164 #27414]  INFO -- : [ActiveJob] Enqueued ActiveStorage::AnalyzeJob (Job ID: ce1314a3-ef9e-498b-a551-e54931ae9a93) to Async(default) with arguments: #<GlobalID:0x0000560d28a940a8 @uri=#<URI::GID gid://board-s/ActiveStorage::Blob/4>>
I, [2022-03-29T11:39:58.655140 #27414]  INFO -- : [ActiveJob] [ActiveStorage::AnalyzeJob] [ce1314a3-ef9e-498b-a551-e54931ae9a93] Performing ActiveStorage::AnalyzeJob (Job ID: ce1314a3-ef9e-498b-a551-e54931ae9a93) from Async(default) enqueued at 2022-03-29T02:39:58Z with arguments: #<GlobalID:0x00007fbe30054d80 @uri=#<URI::GID gid://board-s/ActiveStorage::Blob/4>>
I, [2022-03-29T11:39:58.657681 #27414]  INFO -- : [ActiveJob] [ActiveStorage::AnalyzeJob] [71c4787d-b8f9-4d7d-8a68-87ff9f4740ce] Performed ActiveStorage::AnalyzeJob (Job ID: 71c4787d-b8f9-4d7d-8a68-87ff9f4740ce) from Async(default) in 265.56ms
I, [2022-03-29T11:39:58.721342 #27414]  INFO -- : [ActiveJob] [ActiveStorage::AnalyzeJob] [ce1314a3-ef9e-498b-a551-e54931ae9a93] [36m  S3 Storage (65.8ms) [0m[34mDownloaded file from key: gwdr6h89f8hfyztja1sow6y05zbw[0m
I, [2022-03-29T11:39:58.740023 #27414]  INFO -- : [ActiveJob] [ActiveStorage::AnalyzeJob] [ce1314a3-ef9e-498b-a551-e54931ae9a93] Performed ActiveStorage::AnalyzeJob (Job ID: ce1314a3-ef9e-498b-a551-e54931ae9a93) from Async(default) in 84.75ms
I, [2022-03-29T11:39:58.749066 #27414]  INFO -- : [36m  S3 Storage (79.3ms) [0m[32mUploaded file to key: ew3se1i25sv5vktwbjriipgvwbx1 (checksum: Hf57lNkmDLQPUdDCJvRWWw==)[0m
I, [2022-03-29T11:39:58.749508 #27414]  INFO -- : [ActiveJob] Enqueued ActiveStorage::AnalyzeJob (Job ID: b4180a74-08e2-4069-ae20-a84858391826) to Async(default) with arguments: #<GlobalID:0x0000560d28ad1e08 @uri=#<URI::GID gid://board-s/ActiveStorage::Blob/5>>
I, [2022-03-29T11:39:58.916851 #27414]  INFO -- : [ActiveJob] [ActiveStorage::AnalyzeJob] [b4180a74-08e2-4069-ae20-a84858391826] Performing ActiveStorage::AnalyzeJob (Job ID: b4180a74-08e2-4069-ae20-a84858391826) from Async(default) enqueued at 2022-03-29T02:39:58Z with arguments: #<GlobalID:0x0000560d28af26f8 @uri=#<URI::GID gid://board-s/ActiveStorage::Blob/5>>
I, [2022-03-29T11:39:58.982301 #27414]  INFO -- : [ActiveJob] [ActiveStorage::AnalyzeJob] [b4180a74-08e2-4069-ae20-a84858391826] [36m  S3 Storage (65.1ms) [0m[34mDownloaded file from key: ew3se1i25sv5vktwbjriipgvwbx1[0m
I, [2022-03-29T11:39:58.994974 #27414]  INFO -- : [36m  S3 Storage (64.8ms) [0m[32mUploaded file to key: pqv2o1jemy4ij4zmzdw7h33sbh9x (checksum: Hf57lNkmDLQPUdDCJvRWWw==)[0m
I, [2022-03-29T11:39:58.995621 #27414]  INFO -- : [ActiveJob] Enqueued ActiveStorage::AnalyzeJob (Job ID: a0465dc3-ae40-4c17-9c94-5c16b92dae0d) to Async(default) with arguments: #<GlobalID:0x0000560d28c33c88 @uri=#<URI::GID gid://board-s/ActiveStorage::Blob/6>>
I, [2022-03-29T11:39:59.003835 #27414]  INFO -- : [ActiveJob] [ActiveStorage::AnalyzeJob] [b4180a74-08e2-4069-ae20-a84858391826] Performed ActiveStorage::AnalyzeJob (Job ID: b4180a74-08e2-4069-ae20-a84858391826) from Async(default) in 86.83ms
I, [2022-03-29T11:39:59.012772 #27414]  INFO -- : [ActiveJob] [ActiveStorage::AnalyzeJob] [a0465dc3-ae40-4c17-9c94-5c16b92dae0d] Performing ActiveStorage::AnalyzeJob (Job ID: a0465dc3-ae40-4c17-9c94-5c16b92dae0d) from Async(default) enqueued at 2022-03-29T02:39:58Z with arguments: #<GlobalID:0x0000560d28d2c018 @uri=#<URI::GID gid://board-s/ActiveStorage::Blob/6>>
I, [2022-03-29T11:39:59.083060 #27414]  INFO -- : [ActiveJob] [ActiveStorage::AnalyzeJob] [a0465dc3-ae40-4c17-9c94-5c16b92dae0d] [36m  S3 Storage (65.5ms) [0m[34mDownloaded file from key: pqv2o1jemy4ij4zmzdw7h33sbh9x[0m
I, [2022-03-29T11:39:59.106978 #27414]  INFO -- : [ActiveJob] [ActiveStorage::AnalyzeJob] [a0465dc3-ae40-4c17-9c94-5c16b92dae0d] Performed ActiveStorage::AnalyzeJob (Job ID: a0465dc3-ae40-4c17-9c94-5c16b92dae0d) from Async(default) in 94.06ms
I, [2022-03-29T11:39:59.173623 #27414]  INFO -- : [36m  S3 Storage (59.2ms) [0m[32mUploaded file to key: 30yqc8cko497b0cytkb9xtu5kyy0 (checksum: I/zXN9UI6o/ooT6i+ekRMQ==)[0m
I, [2022-03-29T11:39:59.174228 #27414]  INFO -- : [ActiveJob] Enqueued ActiveStorage::AnalyzeJob (Job ID: 4bff67d8-af35-4866-a730-b4b41cc3098f) to Async(default) with arguments: #<GlobalID:0x0000560d291f79a8 @uri=#<URI::GID gid://board-s/ActiveStorage::Blob/7>>
I, [2022-03-29T11:39:59.183438 #27414]  INFO -- : [ActiveJob] [ActiveStorage::AnalyzeJob] [4bff67d8-af35-4866-a730-b4b41cc3098f] Performing ActiveStorage::AnalyzeJob (Job ID: 4bff67d8-af35-4866-a730-b4b41cc3098f) from Async(default) enqueued at 2022-03-29T02:39:59Z with arguments: #<GlobalID:0x00007fbe181369f0 @uri=#<URI::GID gid://board-s/ActiveStorage::Blob/7>>
I, [2022-03-29T11:39:59.244139 #27414]  INFO -- : [ActiveJob] [ActiveStorage::AnalyzeJob] [4bff67d8-af35-4866-a730-b4b41cc3098f] [36m  S3 Storage (59.2ms) [0m[34mDownloaded file from key: 30yqc8cko497b0cytkb9xtu5kyy0[0m
I, [2022-03-29T11:39:59.262096 #27414]  INFO -- : [ActiveJob] [ActiveStorage::AnalyzeJob] [4bff67d8-af35-4866-a730-b4b41cc3098f] Performed ActiveStorage::AnalyzeJob (Job ID: 4bff67d8-af35-4866-a730-b4b41cc3098f) from Async(default) in 78.45ms
I, [2022-03-29T11:39:59.420348 #27414]  INFO -- : [36m  S3 Storage (65.7ms) [0m[32mUploaded file to key: 5t97v87elwsbdmdidhmk2oepqxey (checksum: J87K/xvrTeXWxcF9mn8STg==)[0m
I, [2022-03-29T11:39:59.422962 #27414]  INFO -- : [ActiveJob] Enqueued ActiveStorage::AnalyzeJob (Job ID: d97cac50-81fb-4815-b22c-61811b54dd54) to Async(default) with arguments: #<GlobalID:0x0000560d293ed410 @uri=#<URI::GID gid://board-s/ActiveStorage::Blob/8>>
I, [2022-03-29T11:39:59.457489 #27414]  INFO -- : [ActiveJob] [ActiveStorage::AnalyzeJob] [d97cac50-81fb-4815-b22c-61811b54dd54] Performing ActiveStorage::AnalyzeJob (Job ID: d97cac50-81fb-4815-b22c-61811b54dd54) from Async(default) enqueued at 2022-03-29T02:39:59Z with arguments: #<GlobalID:0x0000560d29470bf8 @uri=#<URI::GID gid://board-s/ActiveStorage::Blob/8>>
I, [2022-03-29T11:39:59.529102 #27414]  INFO -- : [ActiveJob] [ActiveStorage::AnalyzeJob] [d97cac50-81fb-4815-b22c-61811b54dd54] [36m  S3 Storage (71.0ms) [0m[34mDownloaded file from key: 5t97v87elwsbdmdidhmk2oepqxey[0m
I, [2022-03-29T11:39:59.547582 #27414]  INFO -- : [ActiveJob] [ActiveStorage::AnalyzeJob] [d97cac50-81fb-4815-b22c-61811b54dd54] Performed ActiveStorage::AnalyzeJob (Job ID: d97cac50-81fb-4815-b22c-61811b54dd54) from Async(default) in 89.75ms
